{
"contracts/MockBridgeMsgValue.sol":{"l":{"20":102,"31":3,"32":3,"36":2,"38":1,"39":1,"43":6,"44":5,"45":3,"46":3,"50":3,"51":2,"52":1,"53":1,"54":1,"58":7,"59":6,"63":4,"64":3,"65":2,"66":1,"70":8,"71":7,"97":3,"98":3,"102":2,"104":1,"105":1,"109":102,"113":6,"114":5,"115":3,"116":3,"120":3,"121":2,"122":1,"123":1,"124":1,"128":7,"129":6,"133":4,"134":3,"135":2,"136":1,"140":8,"141":7},"path":"/home/marcuswentz/github/Contracts/test/unit/contracts/MockBridgeMsgValue.sol","s":{"1":102,"2":3,"3":3,"4":2,"5":1,"6":6,"7":5,"8":3,"9":3,"10":3,"11":2,"12":1,"13":1,"14":1,"15":7,"16":6,"17":4,"18":3,"19":2,"20":1,"21":8,"22":7,"23":3,"24":3,"25":2,"26":1,"27":102,"28":6,"29":5,"30":3,"31":3,"32":3,"33":2,"34":1,"35":1,"36":1,"37":7,"38":6,"39":4,"40":3,"41":2,"42":1,"43":8,"44":7},"b":{"1":[1,1],"2":[1,5],"3":[2,3],"4":[1,2],"5":[1,1],"6":[1,6],"7":[1,5],"8":[1,3],"9":[1,2],"10":[1,1],"11":[1,7],"12":[1,1],"13":[1,5],"14":[2,3],"15":[1,2],"16":[1,1],"17":[1,6],"18":[1,5],"19":[1,3],"20":[1,2],"21":[1,1],"22":[1,7]},"f":{"1":102,"2":3,"3":2,"4":6,"5":3,"6":7,"7":4,"8":8,"9":3,"10":2,"11":102,"12":6,"13":3,"14":7,"15":4,"16":8},"fnMap":{"1":{"name":"constructor","line":19,"loc":{"start":{"line":19,"column":4},"end":{"line":21,"column":4}}},"2":{"name":"enqueue","line":30,"loc":{"start":{"line":30,"column":4},"end":{"line":33,"column":4}}},"3":{"name":"dequeue","line":35,"loc":{"start":{"line":35,"column":4},"end":{"line":40,"column":4}}},"4":{"name":"lockTokensForOptimism","line":42,"loc":{"start":{"line":42,"column":4},"end":{"line":47,"column":4}}},"5":{"name":"ownerUnlockGoerliETH","line":49,"loc":{"start":{"line":49,"column":4},"end":{"line":55,"column":4}}},"6":{"name":"ownerAddBridgeLiqudity","line":57,"loc":{"start":{"line":57,"column":4},"end":{"line":60,"column":4}}},"7":{"name":"ownerRemoveBridgeLiqudity","line":62,"loc":{"start":{"line":62,"column":4},"end":{"line":67,"column":4}}},"8":{"name":"mockOwnerOptimismBridgeAddress","line":69,"loc":{"start":{"line":69,"column":4},"end":{"line":72,"column":4}}},"9":{"name":"enqueue","line":96,"loc":{"start":{"line":96,"column":4},"end":{"line":99,"column":4}}},"10":{"name":"dequeue","line":101,"loc":{"start":{"line":101,"column":4},"end":{"line":106,"column":4}}},"11":{"name":"constructor","line":108,"loc":{"start":{"line":108,"column":4},"end":{"line":110,"column":4}}},"12":{"name":"lockTokensForGoerli","line":112,"loc":{"start":{"line":112,"column":4},"end":{"line":117,"column":4}}},"13":{"name":"ownerUnlockOptimismETH","line":119,"loc":{"start":{"line":119,"column":4},"end":{"line":125,"column":4}}},"14":{"name":"ownerAddBridgeLiqudity","line":127,"loc":{"start":{"line":127,"column":4},"end":{"line":130,"column":4}}},"15":{"name":"ownerRemoveBridgeLiqudity","line":132,"loc":{"start":{"line":132,"column":4},"end":{"line":137,"column":4}}},"16":{"name":"mockOwnerGoerliBridgeAddress","line":139,"loc":{"start":{"line":139,"column":4},"end":{"line":142,"column":4}}}},"statementMap":{"1":{"start":{"line":20,"column":8},"end":{"line":20,"column":25}},"2":{"start":{"line":31,"column":8},"end":{"line":31,"column":16}},"3":{"start":{"line":32,"column":8},"end":{"line":32,"column":31}},"4":{"start":{"line":36,"column":8},"end":{"line":36,"column":154}},"5":{"start":{"line":39,"column":8},"end":{"line":39,"column":17}},"6":{"start":{"line":43,"column":8},"end":{"line":43,"column":60}},"7":{"start":{"line":44,"column":8},"end":{"line":44,"column":173}},"8":{"start":{"line":45,"column":8},"end":{"line":45,"column":16}},"9":{"start":{"line":46,"column":8},"end":{"line":46,"column":41}},"10":{"start":{"line":50,"column":8},"end":{"line":50,"column":61}},"11":{"start":{"line":51,"column":8},"end":{"line":51,"column":150}},"12":{"start":{"line":52,"column":8},"end":{"line":52,"column":90}},"13":{"start":{"line":53,"column":8},"end":{"line":53,"column":39}},"14":{"start":{"line":54,"column":8},"end":{"line":54,"column":43}},"15":{"start":{"line":58,"column":8},"end":{"line":58,"column":61}},"16":{"start":{"line":59,"column":8},"end":{"line":59,"column":53}},"17":{"start":{"line":63,"column":8},"end":{"line":63,"column":61}},"18":{"start":{"line":64,"column":8},"end":{"line":64,"column":64}},"19":{"start":{"line":65,"column":8},"end":{"line":65,"column":152}},"20":{"start":{"line":66,"column":8},"end":{"line":66,"column":53}},"21":{"start":{"line":70,"column":8},"end":{"line":70,"column":61}},"22":{"start":{"line":71,"column":8},"end":{"line":71,"column":58}},"23":{"start":{"line":97,"column":8},"end":{"line":97,"column":16}},"24":{"start":{"line":98,"column":8},"end":{"line":98,"column":31}},"25":{"start":{"line":102,"column":8},"end":{"line":102,"column":151}},"26":{"start":{"line":105,"column":8},"end":{"line":105,"column":17}},"27":{"start":{"line":109,"column":8},"end":{"line":109,"column":25}},"28":{"start":{"line":113,"column":8},"end":{"line":113,"column":60}},"29":{"start":{"line":114,"column":8},"end":{"line":114,"column":169}},"30":{"start":{"line":115,"column":8},"end":{"line":115,"column":16}},"31":{"start":{"line":116,"column":8},"end":{"line":116,"column":41}},"32":{"start":{"line":120,"column":8},"end":{"line":120,"column":61}},"33":{"start":{"line":121,"column":8},"end":{"line":121,"column":144}},"34":{"start":{"line":122,"column":8},"end":{"line":122,"column":86}},"35":{"start":{"line":123,"column":8},"end":{"line":123,"column":37}},"36":{"start":{"line":124,"column":8},"end":{"line":124,"column":43}},"37":{"start":{"line":128,"column":8},"end":{"line":128,"column":61}},"38":{"start":{"line":129,"column":8},"end":{"line":129,"column":53}},"39":{"start":{"line":133,"column":8},"end":{"line":133,"column":61}},"40":{"start":{"line":134,"column":8},"end":{"line":134,"column":64}},"41":{"start":{"line":135,"column":8},"end":{"line":135,"column":146}},"42":{"start":{"line":136,"column":8},"end":{"line":136,"column":53}},"43":{"start":{"line":140,"column":8},"end":{"line":140,"column":61}},"44":{"start":{"line":141,"column":8},"end":{"line":141,"column":54}}},"branchMap":{"1":{"line":36,"type":"if","locations":[{"start":{"line":36,"column":8},"end":{"line":36,"column":8}},{"start":{"line":36,"column":8},"end":{"line":36,"column":8}}]},"2":{"line":43,"type":"if","locations":[{"start":{"line":43,"column":8},"end":{"line":43,"column":8}},{"start":{"line":43,"column":8},"end":{"line":43,"column":8}}]},"3":{"line":44,"type":"if","locations":[{"start":{"line":44,"column":8},"end":{"line":44,"column":8}},{"start":{"line":44,"column":8},"end":{"line":44,"column":8}}]},"4":{"line":50,"type":"if","locations":[{"start":{"line":50,"column":8},"end":{"line":50,"column":8}},{"start":{"line":50,"column":8},"end":{"line":50,"column":8}}]},"5":{"line":51,"type":"if","locations":[{"start":{"line":51,"column":8},"end":{"line":51,"column":8}},{"start":{"line":51,"column":8},"end":{"line":51,"column":8}}]},"6":{"line":58,"type":"if","locations":[{"start":{"line":58,"column":8},"end":{"line":58,"column":8}},{"start":{"line":58,"column":8},"end":{"line":58,"column":8}}]},"7":{"line":59,"type":"if","locations":[{"start":{"line":59,"column":8},"end":{"line":59,"column":8}},{"start":{"line":59,"column":8},"end":{"line":59,"column":8}}]},"8":{"line":63,"type":"if","locations":[{"start":{"line":63,"column":8},"end":{"line":63,"column":8}},{"start":{"line":63,"column":8},"end":{"line":63,"column":8}}]},"9":{"line":64,"type":"if","locations":[{"start":{"line":64,"column":8},"end":{"line":64,"column":8}},{"start":{"line":64,"column":8},"end":{"line":64,"column":8}}]},"10":{"line":65,"type":"if","locations":[{"start":{"line":65,"column":8},"end":{"line":65,"column":8}},{"start":{"line":65,"column":8},"end":{"line":65,"column":8}}]},"11":{"line":70,"type":"if","locations":[{"start":{"line":70,"column":8},"end":{"line":70,"column":8}},{"start":{"line":70,"column":8},"end":{"line":70,"column":8}}]},"12":{"line":102,"type":"if","locations":[{"start":{"line":102,"column":8},"end":{"line":102,"column":8}},{"start":{"line":102,"column":8},"end":{"line":102,"column":8}}]},"13":{"line":113,"type":"if","locations":[{"start":{"line":113,"column":8},"end":{"line":113,"column":8}},{"start":{"line":113,"column":8},"end":{"line":113,"column":8}}]},"14":{"line":114,"type":"if","locations":[{"start":{"line":114,"column":8},"end":{"line":114,"column":8}},{"start":{"line":114,"column":8},"end":{"line":114,"column":8}}]},"15":{"line":120,"type":"if","locations":[{"start":{"line":120,"column":8},"end":{"line":120,"column":8}},{"start":{"line":120,"column":8},"end":{"line":120,"column":8}}]},"16":{"line":121,"type":"if","locations":[{"start":{"line":121,"column":8},"end":{"line":121,"column":8}},{"start":{"line":121,"column":8},"end":{"line":121,"column":8}}]},"17":{"line":128,"type":"if","locations":[{"start":{"line":128,"column":8},"end":{"line":128,"column":8}},{"start":{"line":128,"column":8},"end":{"line":128,"column":8}}]},"18":{"line":129,"type":"if","locations":[{"start":{"line":129,"column":8},"end":{"line":129,"column":8}},{"start":{"line":129,"column":8},"end":{"line":129,"column":8}}]},"19":{"line":133,"type":"if","locations":[{"start":{"line":133,"column":8},"end":{"line":133,"column":8}},{"start":{"line":133,"column":8},"end":{"line":133,"column":8}}]},"20":{"line":134,"type":"if","locations":[{"start":{"line":134,"column":8},"end":{"line":134,"column":8}},{"start":{"line":134,"column":8},"end":{"line":134,"column":8}}]},"21":{"line":135,"type":"if","locations":[{"start":{"line":135,"column":8},"end":{"line":135,"column":8}},{"start":{"line":135,"column":8},"end":{"line":135,"column":8}}]},"22":{"line":140,"type":"if","locations":[{"start":{"line":140,"column":8},"end":{"line":140,"column":8}},{"start":{"line":140,"column":8},"end":{"line":140,"column":8}}]}}},
"contracts/MockBridgeWrapped.sol":{"l":{"11":84,"12":84,"24":84,"25":84,"51":84,"52":84,"53":84,"64":3,"65":3,"69":2,"71":1,"72":1,"76":6,"77":5,"78":3,"79":3,"83":3,"84":2,"85":1,"86":1,"87":1,"91":4,"92":3,"93":2,"94":1,"98":8,"99":7,"125":3,"126":3,"130":2,"132":1,"133":1,"140":84,"141":84,"142":84,"146":6,"147":5,"148":3,"149":3,"153":3,"154":2,"155":1,"156":1,"157":1,"161":4,"162":3,"163":2,"164":1,"168":8,"169":7},"path":"/home/marcuswentz/github/Contracts/test/unit/contracts/MockBridgeWrapped.sol","s":{"1":84,"2":84,"3":84,"4":84,"5":84,"6":84,"7":84,"8":3,"9":3,"10":2,"11":1,"12":6,"13":5,"14":3,"15":3,"16":3,"17":2,"18":1,"19":1,"20":1,"21":4,"22":3,"23":2,"24":1,"25":8,"26":7,"27":3,"28":3,"29":2,"30":1,"31":84,"32":84,"33":84,"34":6,"35":5,"36":3,"37":3,"38":3,"39":2,"40":1,"41":1,"42":1,"43":4,"44":3,"45":2,"46":1,"47":8,"48":7},"b":{"1":[1,1],"2":[1,5],"3":[2,3],"4":[1,2],"5":[1,1],"6":[1,3],"7":[1,2],"8":[1,1],"9":[1,7],"10":[1,1],"11":[1,5],"12":[2,3],"13":[1,2],"14":[1,1],"15":[1,3],"16":[1,2],"17":[1,1],"18":[1,7]},"f":{"1":84,"2":84,"3":84,"4":3,"5":2,"6":6,"7":3,"8":4,"9":8,"10":3,"11":2,"12":84,"13":6,"14":3,"15":4,"16":8},"fnMap":{"1":{"name":"constructor","line":10,"loc":{"start":{"line":10,"column":4},"end":{"line":13,"column":4}}},"2":{"name":"constructor","line":23,"loc":{"start":{"line":23,"column":4},"end":{"line":26,"column":4}}},"3":{"name":"constructor","line":50,"loc":{"start":{"line":50,"column":4},"end":{"line":54,"column":4}}},"4":{"name":"enqueue","line":63,"loc":{"start":{"line":63,"column":4},"end":{"line":66,"column":4}}},"5":{"name":"dequeue","line":68,"loc":{"start":{"line":68,"column":4},"end":{"line":73,"column":4}}},"6":{"name":"lockTokensForOptimism","line":75,"loc":{"start":{"line":75,"column":4},"end":{"line":80,"column":4}}},"7":{"name":"ownerUnlockGoerliETH","line":82,"loc":{"start":{"line":82,"column":4},"end":{"line":88,"column":4}}},"8":{"name":"ownerRemoveBridgeLiqudity","line":90,"loc":{"start":{"line":90,"column":4},"end":{"line":95,"column":4}}},"9":{"name":"mockOwnerOptimismBridgeAddress","line":97,"loc":{"start":{"line":97,"column":4},"end":{"line":100,"column":4}}},"10":{"name":"enqueue","line":124,"loc":{"start":{"line":124,"column":4},"end":{"line":127,"column":4}}},"11":{"name":"dequeue","line":129,"loc":{"start":{"line":129,"column":4},"end":{"line":134,"column":4}}},"12":{"name":"constructor","line":139,"loc":{"start":{"line":139,"column":4},"end":{"line":143,"column":4}}},"13":{"name":"lockTokensForGoerli","line":145,"loc":{"start":{"line":145,"column":4},"end":{"line":150,"column":4}}},"14":{"name":"ownerUnlockOptimismETH","line":152,"loc":{"start":{"line":152,"column":4},"end":{"line":158,"column":4}}},"15":{"name":"ownerRemoveBridgeLiqudity","line":160,"loc":{"start":{"line":160,"column":4},"end":{"line":165,"column":4}}},"16":{"name":"mockOwnerGoerliBridgeAddress","line":167,"loc":{"start":{"line":167,"column":4},"end":{"line":170,"column":4}}}},"statementMap":{"1":{"start":{"line":11,"column":8},"end":{"line":11,"column":25}},"2":{"start":{"line":12,"column":8},"end":{"line":12,"column":33}},"3":{"start":{"line":24,"column":8},"end":{"line":24,"column":25}},"4":{"start":{"line":25,"column":8},"end":{"line":25,"column":33}},"5":{"start":{"line":51,"column":8},"end":{"line":51,"column":25}},"6":{"start":{"line":52,"column":8},"end":{"line":52,"column":57}},"7":{"start":{"line":53,"column":8},"end":{"line":53,"column":53}},"8":{"start":{"line":64,"column":8},"end":{"line":64,"column":16}},"9":{"start":{"line":65,"column":8},"end":{"line":65,"column":31}},"10":{"start":{"line":69,"column":8},"end":{"line":69,"column":150}},"11":{"start":{"line":72,"column":8},"end":{"line":72,"column":17}},"12":{"start":{"line":76,"column":8},"end":{"line":76,"column":60}},"13":{"start":{"line":77,"column":8},"end":{"line":77,"column":181}},"14":{"start":{"line":78,"column":8},"end":{"line":78,"column":16}},"15":{"start":{"line":79,"column":8},"end":{"line":79,"column":41}},"16":{"start":{"line":83,"column":8},"end":{"line":83,"column":61}},"17":{"start":{"line":84,"column":8},"end":{"line":84,"column":144}},"18":{"start":{"line":85,"column":8},"end":{"line":85,"column":86}},"19":{"start":{"line":86,"column":8},"end":{"line":86,"column":37}},"20":{"start":{"line":87,"column":8},"end":{"line":87,"column":44}},"21":{"start":{"line":91,"column":8},"end":{"line":91,"column":61}},"22":{"start":{"line":92,"column":8},"end":{"line":92,"column":77}},"23":{"start":{"line":93,"column":8},"end":{"line":93,"column":146}},"24":{"start":{"line":94,"column":8},"end":{"line":94,"column":67}},"25":{"start":{"line":98,"column":8},"end":{"line":98,"column":61}},"26":{"start":{"line":99,"column":8},"end":{"line":99,"column":54}},"27":{"start":{"line":125,"column":8},"end":{"line":125,"column":16}},"28":{"start":{"line":126,"column":8},"end":{"line":126,"column":31}},"29":{"start":{"line":130,"column":8},"end":{"line":130,"column":151}},"30":{"start":{"line":133,"column":8},"end":{"line":133,"column":17}},"31":{"start":{"line":140,"column":8},"end":{"line":140,"column":25}},"32":{"start":{"line":141,"column":8},"end":{"line":141,"column":57}},"33":{"start":{"line":142,"column":8},"end":{"line":142,"column":53}},"34":{"start":{"line":146,"column":8},"end":{"line":146,"column":60}},"35":{"start":{"line":147,"column":8},"end":{"line":147,"column":182}},"36":{"start":{"line":148,"column":8},"end":{"line":148,"column":16}},"37":{"start":{"line":149,"column":8},"end":{"line":149,"column":41}},"38":{"start":{"line":153,"column":8},"end":{"line":153,"column":61}},"39":{"start":{"line":154,"column":8},"end":{"line":154,"column":144}},"40":{"start":{"line":155,"column":8},"end":{"line":155,"column":86}},"41":{"start":{"line":156,"column":8},"end":{"line":156,"column":37}},"42":{"start":{"line":157,"column":8},"end":{"line":157,"column":43}},"43":{"start":{"line":161,"column":8},"end":{"line":161,"column":61}},"44":{"start":{"line":162,"column":8},"end":{"line":162,"column":76}},"45":{"start":{"line":163,"column":8},"end":{"line":163,"column":146}},"46":{"start":{"line":164,"column":8},"end":{"line":164,"column":65}},"47":{"start":{"line":168,"column":8},"end":{"line":168,"column":61}},"48":{"start":{"line":169,"column":8},"end":{"line":169,"column":59}}},"branchMap":{"1":{"line":69,"type":"if","locations":[{"start":{"line":69,"column":8},"end":{"line":69,"column":8}},{"start":{"line":69,"column":8},"end":{"line":69,"column":8}}]},"2":{"line":76,"type":"if","locations":[{"start":{"line":76,"column":8},"end":{"line":76,"column":8}},{"start":{"line":76,"column":8},"end":{"line":76,"column":8}}]},"3":{"line":77,"type":"if","locations":[{"start":{"line":77,"column":8},"end":{"line":77,"column":8}},{"start":{"line":77,"column":8},"end":{"line":77,"column":8}}]},"4":{"line":83,"type":"if","locations":[{"start":{"line":83,"column":8},"end":{"line":83,"column":8}},{"start":{"line":83,"column":8},"end":{"line":83,"column":8}}]},"5":{"line":84,"type":"if","locations":[{"start":{"line":84,"column":8},"end":{"line":84,"column":8}},{"start":{"line":84,"column":8},"end":{"line":84,"column":8}}]},"6":{"line":91,"type":"if","locations":[{"start":{"line":91,"column":8},"end":{"line":91,"column":8}},{"start":{"line":91,"column":8},"end":{"line":91,"column":8}}]},"7":{"line":92,"type":"if","locations":[{"start":{"line":92,"column":8},"end":{"line":92,"column":8}},{"start":{"line":92,"column":8},"end":{"line":92,"column":8}}]},"8":{"line":93,"type":"if","locations":[{"start":{"line":93,"column":8},"end":{"line":93,"column":8}},{"start":{"line":93,"column":8},"end":{"line":93,"column":8}}]},"9":{"line":98,"type":"if","locations":[{"start":{"line":98,"column":8},"end":{"line":98,"column":8}},{"start":{"line":98,"column":8},"end":{"line":98,"column":8}}]},"10":{"line":130,"type":"if","locations":[{"start":{"line":130,"column":8},"end":{"line":130,"column":8}},{"start":{"line":130,"column":8},"end":{"line":130,"column":8}}]},"11":{"line":146,"type":"if","locations":[{"start":{"line":146,"column":8},"end":{"line":146,"column":8}},{"start":{"line":146,"column":8},"end":{"line":146,"column":8}}]},"12":{"line":147,"type":"if","locations":[{"start":{"line":147,"column":8},"end":{"line":147,"column":8}},{"start":{"line":147,"column":8},"end":{"line":147,"column":8}}]},"13":{"line":153,"type":"if","locations":[{"start":{"line":153,"column":8},"end":{"line":153,"column":8}},{"start":{"line":153,"column":8},"end":{"line":153,"column":8}}]},"14":{"line":154,"type":"if","locations":[{"start":{"line":154,"column":8},"end":{"line":154,"column":8}},{"start":{"line":154,"column":8},"end":{"line":154,"column":8}}]},"15":{"line":161,"type":"if","locations":[{"start":{"line":161,"column":8},"end":{"line":161,"column":8}},{"start":{"line":161,"column":8},"end":{"line":161,"column":8}}]},"16":{"line":162,"type":"if","locations":[{"start":{"line":162,"column":8},"end":{"line":162,"column":8}},{"start":{"line":162,"column":8},"end":{"line":162,"column":8}}]},"17":{"line":163,"type":"if","locations":[{"start":{"line":163,"column":8},"end":{"line":163,"column":8}},{"start":{"line":163,"column":8},"end":{"line":163,"column":8}}]},"18":{"line":168,"type":"if","locations":[{"start":{"line":168,"column":8},"end":{"line":168,"column":8}},{"start":{"line":168,"column":8},"end":{"line":168,"column":8}}]}}}}
