{
"contracts/MockBridge.sol":{"l":{"24":78,"35":1,"36":1,"40":0,"41":0,"42":0,"43":0,"47":4,"48":3,"49":2,"50":1,"51":1,"52":1,"56":0,"57":0,"58":0,"59":0,"60":0,"61":0,"62":0,"66":5,"67":4,"71":3,"72":2,"73":1,"74":0,"78":3,"79":2,"109":1,"110":1,"114":0,"115":0,"116":0,"117":0,"121":78,"125":4,"126":3,"127":2,"128":1,"129":1,"130":1,"134":0,"135":0,"136":0,"137":0,"138":0,"139":0,"140":0,"144":5,"145":4,"149":3,"150":2,"151":1,"152":0,"156":3,"157":2},"path":"/home/marcuswentz/github/Contracts/test/unit/contracts/MockBridge.sol","s":{"1":78,"2":1,"3":1,"4":0,"5":0,"6":0,"7":4,"8":3,"9":2,"10":1,"11":1,"12":1,"13":0,"14":0,"15":0,"16":0,"17":0,"18":0,"19":0,"20":5,"21":4,"22":3,"23":2,"24":1,"25":0,"26":3,"27":2,"28":1,"29":1,"30":0,"31":0,"32":0,"33":78,"34":4,"35":3,"36":2,"37":1,"38":1,"39":1,"40":0,"41":0,"42":0,"43":0,"44":0,"45":0,"46":0,"47":5,"48":4,"49":3,"50":2,"51":1,"52":0,"53":3,"54":2},"b":{"1":[0,0],"2":[0,0],"3":[1,3],"4":[1,2],"5":[1,1],"6":[0,0],"7":[0,0],"8":[1,4],"9":[1,3],"10":[1,2],"11":[1,1],"12":[1,0],"13":[1,2],"14":[0,0],"15":[0,0],"16":[1,3],"17":[1,2],"18":[1,1],"19":[0,0],"20":[0,0],"21":[1,4],"22":[1,3],"23":[1,2],"24":[1,1],"25":[1,0],"26":[1,2]},"f":{"1":78,"2":1,"3":0,"4":4,"5":0,"6":5,"7":3,"8":3,"9":1,"10":0,"11":78,"12":4,"13":0,"14":5,"15":3,"16":3},"fnMap":{"1":{"name":"constructor","line":23,"loc":{"start":{"line":23,"column":4},"end":{"line":25,"column":4}}},"2":{"name":"enqueue","line":34,"loc":{"start":{"line":34,"column":4},"end":{"line":37,"column":4}}},"3":{"name":"dequeue","line":39,"loc":{"start":{"line":39,"column":4},"end":{"line":44,"column":4}}},"4":{"name":"lockTokensForOptimism","line":46,"loc":{"start":{"line":46,"column":4},"end":{"line":53,"column":4}}},"5":{"name":"ownerUnlockOptimismETH","line":55,"loc":{"start":{"line":55,"column":4},"end":{"line":63,"column":4}}},"6":{"name":"ownerAddBridgeLiqudity","line":65,"loc":{"start":{"line":65,"column":4},"end":{"line":68,"column":4}}},"7":{"name":"ownerRemoveBridgeLiqudity","line":70,"loc":{"start":{"line":70,"column":4},"end":{"line":75,"column":4}}},"8":{"name":"mockOwnerOptimismBridgeAddress","line":77,"loc":{"start":{"line":77,"column":4},"end":{"line":80,"column":4}}},"9":{"name":"enqueue","line":108,"loc":{"start":{"line":108,"column":4},"end":{"line":111,"column":4}}},"10":{"name":"dequeue","line":113,"loc":{"start":{"line":113,"column":4},"end":{"line":118,"column":4}}},"11":{"name":"constructor","line":120,"loc":{"start":{"line":120,"column":4},"end":{"line":122,"column":4}}},"12":{"name":"lockTokensForGoerli","line":124,"loc":{"start":{"line":124,"column":4},"end":{"line":131,"column":4}}},"13":{"name":"ownerUnlockOptimismETH","line":133,"loc":{"start":{"line":133,"column":4},"end":{"line":141,"column":4}}},"14":{"name":"ownerAddBridgeLiqudity","line":143,"loc":{"start":{"line":143,"column":4},"end":{"line":146,"column":4}}},"15":{"name":"ownerRemoveBridgeLiqudity","line":148,"loc":{"start":{"line":148,"column":4},"end":{"line":153,"column":4}}},"16":{"name":"mockOwnerGoerliBridgeAddress","line":155,"loc":{"start":{"line":155,"column":4},"end":{"line":158,"column":4}}}},"statementMap":{"1":{"start":{"line":24,"column":8},"end":{"line":24,"column":25}},"2":{"start":{"line":35,"column":8},"end":{"line":35,"column":16}},"3":{"start":{"line":36,"column":8},"end":{"line":36,"column":31}},"4":{"start":{"line":40,"column":8},"end":{"line":40,"column":138}},"5":{"start":{"line":41,"column":8},"end":{"line":41,"column":51}},"6":{"start":{"line":43,"column":8},"end":{"line":43,"column":17}},"7":{"start":{"line":47,"column":8},"end":{"line":47,"column":66}},"8":{"start":{"line":48,"column":8},"end":{"line":48,"column":88}},"9":{"start":{"line":49,"column":8},"end":{"line":49,"column":161}},"10":{"start":{"line":50,"column":8},"end":{"line":50,"column":64}},"11":{"start":{"line":51,"column":8},"end":{"line":51,"column":16}},"12":{"start":{"line":52,"column":8},"end":{"line":52,"column":41}},"13":{"start":{"line":56,"column":8},"end":{"line":56,"column":61}},"14":{"start":{"line":57,"column":8},"end":{"line":57,"column":150}},"15":{"start":{"line":58,"column":8},"end":{"line":58,"column":90}},"16":{"start":{"line":59,"column":8},"end":{"line":59,"column":39}},"17":{"start":{"line":60,"column":8},"end":{"line":60,"column":110}},"18":{"start":{"line":61,"column":8},"end":{"line":61,"column":48}},"19":{"start":{"line":62,"column":8},"end":{"line":62,"column":46}},"20":{"start":{"line":66,"column":8},"end":{"line":66,"column":61}},"21":{"start":{"line":67,"column":8},"end":{"line":67,"column":53}},"22":{"start":{"line":71,"column":8},"end":{"line":71,"column":61}},"23":{"start":{"line":72,"column":8},"end":{"line":72,"column":64}},"24":{"start":{"line":73,"column":8},"end":{"line":73,"column":152}},"25":{"start":{"line":74,"column":8},"end":{"line":74,"column":53}},"26":{"start":{"line":78,"column":8},"end":{"line":78,"column":61}},"27":{"start":{"line":79,"column":8},"end":{"line":79,"column":58}},"28":{"start":{"line":109,"column":8},"end":{"line":109,"column":16}},"29":{"start":{"line":110,"column":8},"end":{"line":110,"column":31}},"30":{"start":{"line":114,"column":8},"end":{"line":114,"column":135}},"31":{"start":{"line":115,"column":8},"end":{"line":115,"column":51}},"32":{"start":{"line":117,"column":8},"end":{"line":117,"column":17}},"33":{"start":{"line":121,"column":8},"end":{"line":121,"column":25}},"34":{"start":{"line":125,"column":8},"end":{"line":125,"column":66}},"35":{"start":{"line":126,"column":8},"end":{"line":126,"column":88}},"36":{"start":{"line":127,"column":8},"end":{"line":127,"column":157}},"37":{"start":{"line":128,"column":8},"end":{"line":128,"column":62}},"38":{"start":{"line":129,"column":8},"end":{"line":129,"column":16}},"39":{"start":{"line":130,"column":8},"end":{"line":130,"column":41}},"40":{"start":{"line":134,"column":8},"end":{"line":134,"column":61}},"41":{"start":{"line":135,"column":8},"end":{"line":135,"column":144}},"42":{"start":{"line":136,"column":8},"end":{"line":136,"column":86}},"43":{"start":{"line":137,"column":8},"end":{"line":137,"column":37}},"44":{"start":{"line":138,"column":8},"end":{"line":138,"column":112}},"45":{"start":{"line":139,"column":8},"end":{"line":139,"column":50}},"46":{"start":{"line":140,"column":8},"end":{"line":140,"column":46}},"47":{"start":{"line":144,"column":8},"end":{"line":144,"column":61}},"48":{"start":{"line":145,"column":8},"end":{"line":145,"column":53}},"49":{"start":{"line":149,"column":8},"end":{"line":149,"column":61}},"50":{"start":{"line":150,"column":8},"end":{"line":150,"column":64}},"51":{"start":{"line":151,"column":8},"end":{"line":151,"column":146}},"52":{"start":{"line":152,"column":8},"end":{"line":152,"column":53}},"53":{"start":{"line":156,"column":8},"end":{"line":156,"column":61}},"54":{"start":{"line":157,"column":8},"end":{"line":157,"column":54}}},"branchMap":{"1":{"line":40,"type":"if","locations":[{"start":{"line":40,"column":8},"end":{"line":40,"column":8}},{"start":{"line":40,"column":8},"end":{"line":40,"column":8}}]},"2":{"line":41,"type":"if","locations":[{"start":{"line":41,"column":8},"end":{"line":41,"column":8}},{"start":{"line":41,"column":8},"end":{"line":41,"column":8}}]},"3":{"line":47,"type":"if","locations":[{"start":{"line":47,"column":8},"end":{"line":47,"column":8}},{"start":{"line":47,"column":8},"end":{"line":47,"column":8}}]},"4":{"line":48,"type":"if","locations":[{"start":{"line":48,"column":8},"end":{"line":48,"column":8}},{"start":{"line":48,"column":8},"end":{"line":48,"column":8}}]},"5":{"line":49,"type":"if","locations":[{"start":{"line":49,"column":8},"end":{"line":49,"column":8}},{"start":{"line":49,"column":8},"end":{"line":49,"column":8}}]},"6":{"line":56,"type":"if","locations":[{"start":{"line":56,"column":8},"end":{"line":56,"column":8}},{"start":{"line":56,"column":8},"end":{"line":56,"column":8}}]},"7":{"line":57,"type":"if","locations":[{"start":{"line":57,"column":8},"end":{"line":57,"column":8}},{"start":{"line":57,"column":8},"end":{"line":57,"column":8}}]},"8":{"line":66,"type":"if","locations":[{"start":{"line":66,"column":8},"end":{"line":66,"column":8}},{"start":{"line":66,"column":8},"end":{"line":66,"column":8}}]},"9":{"line":67,"type":"if","locations":[{"start":{"line":67,"column":8},"end":{"line":67,"column":8}},{"start":{"line":67,"column":8},"end":{"line":67,"column":8}}]},"10":{"line":71,"type":"if","locations":[{"start":{"line":71,"column":8},"end":{"line":71,"column":8}},{"start":{"line":71,"column":8},"end":{"line":71,"column":8}}]},"11":{"line":72,"type":"if","locations":[{"start":{"line":72,"column":8},"end":{"line":72,"column":8}},{"start":{"line":72,"column":8},"end":{"line":72,"column":8}}]},"12":{"line":73,"type":"if","locations":[{"start":{"line":73,"column":8},"end":{"line":73,"column":8}},{"start":{"line":73,"column":8},"end":{"line":73,"column":8}}]},"13":{"line":78,"type":"if","locations":[{"start":{"line":78,"column":8},"end":{"line":78,"column":8}},{"start":{"line":78,"column":8},"end":{"line":78,"column":8}}]},"14":{"line":114,"type":"if","locations":[{"start":{"line":114,"column":8},"end":{"line":114,"column":8}},{"start":{"line":114,"column":8},"end":{"line":114,"column":8}}]},"15":{"line":115,"type":"if","locations":[{"start":{"line":115,"column":8},"end":{"line":115,"column":8}},{"start":{"line":115,"column":8},"end":{"line":115,"column":8}}]},"16":{"line":125,"type":"if","locations":[{"start":{"line":125,"column":8},"end":{"line":125,"column":8}},{"start":{"line":125,"column":8},"end":{"line":125,"column":8}}]},"17":{"line":126,"type":"if","locations":[{"start":{"line":126,"column":8},"end":{"line":126,"column":8}},{"start":{"line":126,"column":8},"end":{"line":126,"column":8}}]},"18":{"line":127,"type":"if","locations":[{"start":{"line":127,"column":8},"end":{"line":127,"column":8}},{"start":{"line":127,"column":8},"end":{"line":127,"column":8}}]},"19":{"line":134,"type":"if","locations":[{"start":{"line":134,"column":8},"end":{"line":134,"column":8}},{"start":{"line":134,"column":8},"end":{"line":134,"column":8}}]},"20":{"line":135,"type":"if","locations":[{"start":{"line":135,"column":8},"end":{"line":135,"column":8}},{"start":{"line":135,"column":8},"end":{"line":135,"column":8}}]},"21":{"line":144,"type":"if","locations":[{"start":{"line":144,"column":8},"end":{"line":144,"column":8}},{"start":{"line":144,"column":8},"end":{"line":144,"column":8}}]},"22":{"line":145,"type":"if","locations":[{"start":{"line":145,"column":8},"end":{"line":145,"column":8}},{"start":{"line":145,"column":8},"end":{"line":145,"column":8}}]},"23":{"line":149,"type":"if","locations":[{"start":{"line":149,"column":8},"end":{"line":149,"column":8}},{"start":{"line":149,"column":8},"end":{"line":149,"column":8}}]},"24":{"line":150,"type":"if","locations":[{"start":{"line":150,"column":8},"end":{"line":150,"column":8}},{"start":{"line":150,"column":8},"end":{"line":150,"column":8}}]},"25":{"line":151,"type":"if","locations":[{"start":{"line":151,"column":8},"end":{"line":151,"column":8}},{"start":{"line":151,"column":8},"end":{"line":151,"column":8}}]},"26":{"line":156,"type":"if","locations":[{"start":{"line":156,"column":8},"end":{"line":156,"column":8}},{"start":{"line":156,"column":8},"end":{"line":156,"column":8}}]}}}}
