TN:
SF:/home/marcuswentz/github/Contracts/test/unit/contracts/MockBridge.sol
FN:23,constructor
FN:34,enqueue
FN:39,dequeue
FN:46,lockTokensForOptimism
FN:55,ownerUnlockGoerliETH
FN:65,ownerAddBridgeLiqudity
FN:70,ownerRemoveBridgeLiqudity
FN:77,mockOwnerOptimismBridgeAddress
FN:108,enqueue
FN:113,dequeue
FN:120,constructor
FN:124,lockTokensForGoerli
FN:133,ownerUnlockOptimismETH
FN:143,ownerAddBridgeLiqudity
FN:148,ownerRemoveBridgeLiqudity
FN:155,mockOwnerGoerliBridgeAddress
FNF:16
FNH:16
FNDA:108,constructor
FNDA:3,enqueue
FNDA:2,dequeue
FNDA:6,lockTokensForOptimism
FNDA:3,ownerUnlockGoerliETH
FNDA:7,ownerAddBridgeLiqudity
FNDA:4,ownerRemoveBridgeLiqudity
FNDA:8,mockOwnerOptimismBridgeAddress
FNDA:3,enqueue
FNDA:2,dequeue
FNDA:108,constructor
FNDA:6,lockTokensForGoerli
FNDA:3,ownerUnlockOptimismETH
FNDA:7,ownerAddBridgeLiqudity
FNDA:4,ownerRemoveBridgeLiqudity
FNDA:8,mockOwnerGoerliBridgeAddress
DA:24,108
DA:35,3
DA:36,3
DA:40,2
DA:42,1
DA:43,1
DA:47,6
DA:48,5
DA:49,4
DA:50,3
DA:51,3
DA:52,3
DA:56,3
DA:57,2
DA:58,1
DA:59,1
DA:60,1
DA:61,1
DA:62,1
DA:66,7
DA:67,6
DA:71,4
DA:72,3
DA:73,2
DA:74,1
DA:78,8
DA:79,7
DA:109,3
DA:110,3
DA:114,2
DA:116,1
DA:117,1
DA:121,108
DA:125,6
DA:126,5
DA:127,4
DA:128,3
DA:129,3
DA:130,3
DA:134,3
DA:135,2
DA:136,1
DA:137,1
DA:138,1
DA:139,1
DA:140,1
DA:144,7
DA:145,6
DA:149,4
DA:150,3
DA:151,2
DA:152,1
DA:156,8
DA:157,7
LF:54
LH:54
BRDA:40,1,0,1
BRDA:40,1,1,1
BRDA:47,2,0,1
BRDA:47,2,1,5
BRDA:48,3,0,1
BRDA:48,3,1,4
BRDA:49,4,0,1
BRDA:49,4,1,3
BRDA:56,5,0,1
BRDA:56,5,1,2
BRDA:57,6,0,1
BRDA:57,6,1,1
BRDA:66,7,0,1
BRDA:66,7,1,6
BRDA:67,8,0,1
BRDA:67,8,1,5
BRDA:71,9,0,1
BRDA:71,9,1,3
BRDA:72,10,0,1
BRDA:72,10,1,2
BRDA:73,11,0,1
BRDA:73,11,1,1
BRDA:78,12,0,1
BRDA:78,12,1,7
BRDA:114,13,0,1
BRDA:114,13,1,1
BRDA:125,14,0,1
BRDA:125,14,1,5
BRDA:126,15,0,1
BRDA:126,15,1,4
BRDA:127,16,0,1
BRDA:127,16,1,3
BRDA:134,17,0,1
BRDA:134,17,1,2
BRDA:135,18,0,1
BRDA:135,18,1,1
BRDA:144,19,0,1
BRDA:144,19,1,6
BRDA:145,20,0,1
BRDA:145,20,1,5
BRDA:149,21,0,1
BRDA:149,21,1,3
BRDA:150,22,0,1
BRDA:150,22,1,2
BRDA:151,23,0,1
BRDA:151,23,1,1
BRDA:156,24,0,1
BRDA:156,24,1,7
BRF:48
BRH:48
end_of_record
