{"contracts/MockBridgeMsgValue.sol":{"l":{"24":108,"35":3,"36":3,"40":2,"42":1,"43":1,"47":6,"48":5,"49":4,"50":3,"51":3,"52":3,"56":3,"57":2,"58":1,"59":1,"60":1,"61":1,"62":1,"66":7,"67":6,"71":4,"72":3,"73":2,"74":1,"78":8,"79":7,"109":3,"110":3,"114":2,"116":1,"117":1,"121":108,"125":6,"126":5,"127":4,"128":3,"129":3,"130":3,"134":3,"135":2,"136":1,"137":1,"138":1,"139":1,"140":1,"144":7,"145":6,"149":4,"150":3,"151":2,"152":1,"156":8,"157":7},"path":"/home/marcuswentz/github/Contracts/test/unit/contracts/MockBridgeMsgValue.sol","s":{"1":108,"2":3,"3":3,"4":2,"5":1,"6":6,"7":5,"8":4,"9":3,"10":3,"11":3,"12":3,"13":2,"14":1,"15":1,"16":1,"17":1,"18":1,"19":7,"20":6,"21":4,"22":3,"23":2,"24":1,"25":8,"26":7,"27":3,"28":3,"29":2,"30":1,"31":108,"32":6,"33":5,"34":4,"35":3,"36":3,"37":3,"38":3,"39":2,"40":1,"41":1,"42":1,"43":1,"44":1,"45":7,"46":6,"47":4,"48":3,"49":2,"50":1,"51":8,"52":7},"b":{"1":[1,1],"2":[1,5],"3":[1,4],"4":[1,3],"5":[1,2],"6":[1,1],"7":[1,6],"8":[1,5],"9":[1,3],"10":[1,2],"11":[1,1],"12":[1,7],"13":[1,1],"14":[1,5],"15":[1,4],"16":[1,3],"17":[1,2],"18":[1,1],"19":[1,6],"20":[1,5],"21":[1,3],"22":[1,2],"23":[1,1],"24":[1,7]},"f":{"1":108,"2":3,"3":2,"4":6,"5":3,"6":7,"7":4,"8":8,"9":3,"10":2,"11":108,"12":6,"13":3,"14":7,"15":4,"16":8},"fnMap":{"1":{"name":"constructor","line":23,"loc":{"start":{"line":23,"column":4},"end":{"line":25,"column":4}}},"2":{"name":"enqueue","line":34,"loc":{"start":{"line":34,"column":4},"end":{"line":37,"column":4}}},"3":{"name":"dequeue","line":39,"loc":{"start":{"line":39,"column":4},"end":{"line":44,"column":4}}},"4":{"name":"lockTokensForOptimism","line":46,"loc":{"start":{"line":46,"column":4},"end":{"line":53,"column":4}}},"5":{"name":"ownerUnlockGoerliETH","line":55,"loc":{"start":{"line":55,"column":4},"end":{"line":63,"column":4}}},"6":{"name":"ownerAddBridgeLiqudity","line":65,"loc":{"start":{"line":65,"column":4},"end":{"line":68,"column":4}}},"7":{"name":"ownerRemoveBridgeLiqudity","line":70,"loc":{"start":{"line":70,"column":4},"end":{"line":75,"column":4}}},"8":{"name":"mockOwnerOptimismBridgeAddress","line":77,"loc":{"start":{"line":77,"column":4},"end":{"line":80,"column":4}}},"9":{"name":"enqueue","line":108,"loc":{"start":{"line":108,"column":4},"end":{"line":111,"column":4}}},"10":{"name":"dequeue","line":113,"loc":{"start":{"line":113,"column":4},"end":{"line":118,"column":4}}},"11":{"name":"constructor","line":120,"loc":{"start":{"line":120,"column":4},"end":{"line":122,"column":4}}},"12":{"name":"lockTokensForGoerli","line":124,"loc":{"start":{"line":124,"column":4},"end":{"line":131,"column":4}}},"13":{"name":"ownerUnlockOptimismETH","line":133,"loc":{"start":{"line":133,"column":4},"end":{"line":141,"column":4}}},"14":{"name":"ownerAddBridgeLiqudity","line":143,"loc":{"start":{"line":143,"column":4},"end":{"line":146,"column":4}}},"15":{"name":"ownerRemoveBridgeLiqudity","line":148,"loc":{"start":{"line":148,"column":4},"end":{"line":153,"column":4}}},"16":{"name":"mockOwnerGoerliBridgeAddress","line":155,"loc":{"start":{"line":155,"column":4},"end":{"line":158,"column":4}}}},"statementMap":{"1":{"start":{"line":24,"column":8},"end":{"line":24,"column":25}},"2":{"start":{"line":35,"column":8},"end":{"line":35,"column":16}},"3":{"start":{"line":36,"column":8},"end":{"line":36,"column":31}},"4":{"start":{"line":40,"column":8},"end":{"line":40,"column":154}},"5":{"start":{"line":43,"column":8},"end":{"line":43,"column":17}},"6":{"start":{"line":47,"column":8},"end":{"line":47,"column":66}},"7":{"start":{"line":48,"column":8},"end":{"line":48,"column":88}},"8":{"start":{"line":49,"column":8},"end":{"line":49,"column":161}},"9":{"start":{"line":50,"column":8},"end":{"line":50,"column":64}},"10":{"start":{"line":51,"column":8},"end":{"line":51,"column":16}},"11":{"start":{"line":52,"column":8},"end":{"line":52,"column":41}},"12":{"start":{"line":56,"column":8},"end":{"line":56,"column":61}},"13":{"start":{"line":57,"column":8},"end":{"line":57,"column":150}},"14":{"start":{"line":58,"column":8},"end":{"line":58,"column":90}},"15":{"start":{"line":59,"column":8},"end":{"line":59,"column":39}},"16":{"start":{"line":60,"column":8},"end":{"line":60,"column":110}},"17":{"start":{"line":61,"column":8},"end":{"line":61,"column":48}},"18":{"start":{"line":62,"column":8},"end":{"line":62,"column":46}},"19":{"start":{"line":66,"column":8},"end":{"line":66,"column":61}},"20":{"start":{"line":67,"column":8},"end":{"line":67,"column":53}},"21":{"start":{"line":71,"column":8},"end":{"line":71,"column":61}},"22":{"start":{"line":72,"column":8},"end":{"line":72,"column":64}},"23":{"start":{"line":73,"column":8},"end":{"line":73,"column":152}},"24":{"start":{"line":74,"column":8},"end":{"line":74,"column":53}},"25":{"start":{"line":78,"column":8},"end":{"line":78,"column":61}},"26":{"start":{"line":79,"column":8},"end":{"line":79,"column":58}},"27":{"start":{"line":109,"column":8},"end":{"line":109,"column":16}},"28":{"start":{"line":110,"column":8},"end":{"line":110,"column":31}},"29":{"start":{"line":114,"column":8},"end":{"line":114,"column":151}},"30":{"start":{"line":117,"column":8},"end":{"line":117,"column":17}},"31":{"start":{"line":121,"column":8},"end":{"line":121,"column":25}},"32":{"start":{"line":125,"column":8},"end":{"line":125,"column":66}},"33":{"start":{"line":126,"column":8},"end":{"line":126,"column":88}},"34":{"start":{"line":127,"column":8},"end":{"line":127,"column":157}},"35":{"start":{"line":128,"column":8},"end":{"line":128,"column":62}},"36":{"start":{"line":129,"column":8},"end":{"line":129,"column":16}},"37":{"start":{"line":130,"column":8},"end":{"line":130,"column":41}},"38":{"start":{"line":134,"column":8},"end":{"line":134,"column":61}},"39":{"start":{"line":135,"column":8},"end":{"line":135,"column":144}},"40":{"start":{"line":136,"column":8},"end":{"line":136,"column":86}},"41":{"start":{"line":137,"column":8},"end":{"line":137,"column":37}},"42":{"start":{"line":138,"column":8},"end":{"line":138,"column":112}},"43":{"start":{"line":139,"column":8},"end":{"line":139,"column":50}},"44":{"start":{"line":140,"column":8},"end":{"line":140,"column":46}},"45":{"start":{"line":144,"column":8},"end":{"line":144,"column":61}},"46":{"start":{"line":145,"column":8},"end":{"line":145,"column":53}},"47":{"start":{"line":149,"column":8},"end":{"line":149,"column":61}},"48":{"start":{"line":150,"column":8},"end":{"line":150,"column":64}},"49":{"start":{"line":151,"column":8},"end":{"line":151,"column":146}},"50":{"start":{"line":152,"column":8},"end":{"line":152,"column":53}},"51":{"start":{"line":156,"column":8},"end":{"line":156,"column":61}},"52":{"start":{"line":157,"column":8},"end":{"line":157,"column":54}}},"branchMap":{"1":{"line":40,"type":"if","locations":[{"start":{"line":40,"column":8},"end":{"line":40,"column":8}},{"start":{"line":40,"column":8},"end":{"line":40,"column":8}}]},"2":{"line":47,"type":"if","locations":[{"start":{"line":47,"column":8},"end":{"line":47,"column":8}},{"start":{"line":47,"column":8},"end":{"line":47,"column":8}}]},"3":{"line":48,"type":"if","locations":[{"start":{"line":48,"column":8},"end":{"line":48,"column":8}},{"start":{"line":48,"column":8},"end":{"line":48,"column":8}}]},"4":{"line":49,"type":"if","locations":[{"start":{"line":49,"column":8},"end":{"line":49,"column":8}},{"start":{"line":49,"column":8},"end":{"line":49,"column":8}}]},"5":{"line":56,"type":"if","locations":[{"start":{"line":56,"column":8},"end":{"line":56,"column":8}},{"start":{"line":56,"column":8},"end":{"line":56,"column":8}}]},"6":{"line":57,"type":"if","locations":[{"start":{"line":57,"column":8},"end":{"line":57,"column":8}},{"start":{"line":57,"column":8},"end":{"line":57,"column":8}}]},"7":{"line":66,"type":"if","locations":[{"start":{"line":66,"column":8},"end":{"line":66,"column":8}},{"start":{"line":66,"column":8},"end":{"line":66,"column":8}}]},"8":{"line":67,"type":"if","locations":[{"start":{"line":67,"column":8},"end":{"line":67,"column":8}},{"start":{"line":67,"column":8},"end":{"line":67,"column":8}}]},"9":{"line":71,"type":"if","locations":[{"start":{"line":71,"column":8},"end":{"line":71,"column":8}},{"start":{"line":71,"column":8},"end":{"line":71,"column":8}}]},"10":{"line":72,"type":"if","locations":[{"start":{"line":72,"column":8},"end":{"line":72,"column":8}},{"start":{"line":72,"column":8},"end":{"line":72,"column":8}}]},"11":{"line":73,"type":"if","locations":[{"start":{"line":73,"column":8},"end":{"line":73,"column":8}},{"start":{"line":73,"column":8},"end":{"line":73,"column":8}}]},"12":{"line":78,"type":"if","locations":[{"start":{"line":78,"column":8},"end":{"line":78,"column":8}},{"start":{"line":78,"column":8},"end":{"line":78,"column":8}}]},"13":{"line":114,"type":"if","locations":[{"start":{"line":114,"column":8},"end":{"line":114,"column":8}},{"start":{"line":114,"column":8},"end":{"line":114,"column":8}}]},"14":{"line":125,"type":"if","locations":[{"start":{"line":125,"column":8},"end":{"line":125,"column":8}},{"start":{"line":125,"column":8},"end":{"line":125,"column":8}}]},"15":{"line":126,"type":"if","locations":[{"start":{"line":126,"column":8},"end":{"line":126,"column":8}},{"start":{"line":126,"column":8},"end":{"line":126,"column":8}}]},"16":{"line":127,"type":"if","locations":[{"start":{"line":127,"column":8},"end":{"line":127,"column":8}},{"start":{"line":127,"column":8},"end":{"line":127,"column":8}}]},"17":{"line":134,"type":"if","locations":[{"start":{"line":134,"column":8},"end":{"line":134,"column":8}},{"start":{"line":134,"column":8},"end":{"line":134,"column":8}}]},"18":{"line":135,"type":"if","locations":[{"start":{"line":135,"column":8},"end":{"line":135,"column":8}},{"start":{"line":135,"column":8},"end":{"line":135,"column":8}}]},"19":{"line":144,"type":"if","locations":[{"start":{"line":144,"column":8},"end":{"line":144,"column":8}},{"start":{"line":144,"column":8},"end":{"line":144,"column":8}}]},"20":{"line":145,"type":"if","locations":[{"start":{"line":145,"column":8},"end":{"line":145,"column":8}},{"start":{"line":145,"column":8},"end":{"line":145,"column":8}}]},"21":{"line":149,"type":"if","locations":[{"start":{"line":149,"column":8},"end":{"line":149,"column":8}},{"start":{"line":149,"column":8},"end":{"line":149,"column":8}}]},"22":{"line":150,"type":"if","locations":[{"start":{"line":150,"column":8},"end":{"line":150,"column":8}},{"start":{"line":150,"column":8},"end":{"line":150,"column":8}}]},"23":{"line":151,"type":"if","locations":[{"start":{"line":151,"column":8},"end":{"line":151,"column":8}},{"start":{"line":151,"column":8},"end":{"line":151,"column":8}}]},"24":{"line":156,"type":"if","locations":[{"start":{"line":156,"column":8},"end":{"line":156,"column":8}},{"start":{"line":156,"column":8},"end":{"line":156,"column":8}}]}}},"contracts/MockBridgeWrapped.sol":{"l":{"11":90,"12":90,"24":90,"25":90,"55":90,"56":90,"57":90,"68":3,"69":3,"73":2,"75":1,"76":1,"80":6,"81":5,"82":4,"83":3,"84":3,"85":3,"89":3,"90":2,"91":1,"92":1,"93":1,"94":1,"95":1,"99":4,"100":3,"101":2,"102":1,"106":8,"107":7,"137":3,"138":3,"142":2,"144":1,"145":1,"152":90,"153":90,"154":90,"158":6,"159":5,"160":4,"161":3,"162":3,"163":3,"167":3,"168":2,"169":1,"170":1,"171":1,"172":1,"173":1,"177":4,"178":3,"179":2,"180":1,"185":8,"186":7},"path":"/home/marcuswentz/github/Contracts/test/unit/contracts/MockBridgeWrapped.sol","s":{"1":90,"2":90,"3":90,"4":90,"5":90,"6":90,"7":90,"8":3,"9":3,"10":2,"11":1,"12":6,"13":5,"14":4,"15":3,"16":3,"17":3,"18":3,"19":2,"20":1,"21":1,"22":1,"23":1,"24":1,"25":4,"26":3,"27":2,"28":1,"29":8,"30":7,"31":3,"32":3,"33":2,"34":1,"35":90,"36":90,"37":90,"38":6,"39":5,"40":4,"41":3,"42":3,"43":3,"44":3,"45":2,"46":1,"47":1,"48":1,"49":1,"50":1,"51":4,"52":3,"53":2,"54":1,"55":8,"56":7},"b":{"1":[1,1],"2":[1,5],"3":[1,4],"4":[1,3],"5":[1,2],"6":[1,1],"7":[1,3],"8":[1,2],"9":[1,1],"10":[1,7],"11":[1,1],"12":[1,5],"13":[1,4],"14":[1,3],"15":[1,2],"16":[1,1],"17":[1,3],"18":[1,2],"19":[1,1],"20":[1,7]},"f":{"1":90,"2":90,"3":90,"4":3,"5":2,"6":6,"7":3,"8":4,"9":8,"10":3,"11":2,"12":90,"13":6,"14":3,"15":4,"16":8},"fnMap":{"1":{"name":"constructor","line":10,"loc":{"start":{"line":10,"column":4},"end":{"line":13,"column":4}}},"2":{"name":"constructor","line":23,"loc":{"start":{"line":23,"column":4},"end":{"line":26,"column":4}}},"3":{"name":"constructor","line":54,"loc":{"start":{"line":54,"column":4},"end":{"line":58,"column":4}}},"4":{"name":"enqueue","line":67,"loc":{"start":{"line":67,"column":4},"end":{"line":70,"column":4}}},"5":{"name":"dequeue","line":72,"loc":{"start":{"line":72,"column":4},"end":{"line":77,"column":4}}},"6":{"name":"lockTokensForOptimism","line":79,"loc":{"start":{"line":79,"column":4},"end":{"line":86,"column":4}}},"7":{"name":"ownerUnlockGoerliETH","line":88,"loc":{"start":{"line":88,"column":4},"end":{"line":96,"column":4}}},"8":{"name":"ownerRemoveBridgeLiqudity","line":98,"loc":{"start":{"line":98,"column":4},"end":{"line":103,"column":4}}},"9":{"name":"mockOwnerOptimismBridgeAddress","line":105,"loc":{"start":{"line":105,"column":4},"end":{"line":108,"column":4}}},"10":{"name":"enqueue","line":136,"loc":{"start":{"line":136,"column":4},"end":{"line":139,"column":4}}},"11":{"name":"dequeue","line":141,"loc":{"start":{"line":141,"column":4},"end":{"line":146,"column":4}}},"12":{"name":"constructor","line":151,"loc":{"start":{"line":151,"column":4},"end":{"line":155,"column":4}}},"13":{"name":"lockTokensForGoerli","line":157,"loc":{"start":{"line":157,"column":4},"end":{"line":164,"column":4}}},"14":{"name":"ownerUnlockOptimismETH","line":166,"loc":{"start":{"line":166,"column":4},"end":{"line":174,"column":4}}},"15":{"name":"ownerRemoveBridgeLiqudity","line":176,"loc":{"start":{"line":176,"column":4},"end":{"line":182,"column":4}}},"16":{"name":"mockOwnerGoerliBridgeAddress","line":184,"loc":{"start":{"line":184,"column":4},"end":{"line":187,"column":4}}}},"statementMap":{"1":{"start":{"line":11,"column":8},"end":{"line":11,"column":25}},"2":{"start":{"line":12,"column":8},"end":{"line":12,"column":33}},"3":{"start":{"line":24,"column":8},"end":{"line":24,"column":25}},"4":{"start":{"line":25,"column":8},"end":{"line":25,"column":33}},"5":{"start":{"line":55,"column":8},"end":{"line":55,"column":25}},"6":{"start":{"line":56,"column":8},"end":{"line":56,"column":57}},"7":{"start":{"line":57,"column":8},"end":{"line":57,"column":53}},"8":{"start":{"line":68,"column":8},"end":{"line":68,"column":16}},"9":{"start":{"line":69,"column":8},"end":{"line":69,"column":31}},"10":{"start":{"line":73,"column":8},"end":{"line":73,"column":150}},"11":{"start":{"line":76,"column":8},"end":{"line":76,"column":17}},"12":{"start":{"line":80,"column":8},"end":{"line":80,"column":66}},"13":{"start":{"line":81,"column":8},"end":{"line":81,"column":88}},"14":{"start":{"line":82,"column":8},"end":{"line":82,"column":169}},"15":{"start":{"line":83,"column":8},"end":{"line":83,"column":64}},"16":{"start":{"line":84,"column":8},"end":{"line":84,"column":16}},"17":{"start":{"line":85,"column":8},"end":{"line":85,"column":41}},"18":{"start":{"line":89,"column":8},"end":{"line":89,"column":61}},"19":{"start":{"line":90,"column":8},"end":{"line":90,"column":144}},"20":{"start":{"line":91,"column":8},"end":{"line":91,"column":86}},"21":{"start":{"line":92,"column":8},"end":{"line":92,"column":37}},"22":{"start":{"line":93,"column":8},"end":{"line":93,"column":110}},"23":{"start":{"line":94,"column":8},"end":{"line":94,"column":50}},"24":{"start":{"line":95,"column":8},"end":{"line":95,"column":49}},"25":{"start":{"line":99,"column":8},"end":{"line":99,"column":61}},"26":{"start":{"line":100,"column":8},"end":{"line":100,"column":77}},"27":{"start":{"line":101,"column":8},"end":{"line":101,"column":146}},"28":{"start":{"line":102,"column":8},"end":{"line":102,"column":67}},"29":{"start":{"line":106,"column":8},"end":{"line":106,"column":61}},"30":{"start":{"line":107,"column":8},"end":{"line":107,"column":54}},"31":{"start":{"line":137,"column":8},"end":{"line":137,"column":16}},"32":{"start":{"line":138,"column":8},"end":{"line":138,"column":31}},"33":{"start":{"line":142,"column":8},"end":{"line":142,"column":151}},"34":{"start":{"line":145,"column":8},"end":{"line":145,"column":17}},"35":{"start":{"line":152,"column":8},"end":{"line":152,"column":25}},"36":{"start":{"line":153,"column":8},"end":{"line":153,"column":57}},"37":{"start":{"line":154,"column":8},"end":{"line":154,"column":53}},"38":{"start":{"line":158,"column":8},"end":{"line":158,"column":66}},"39":{"start":{"line":159,"column":8},"end":{"line":159,"column":88}},"40":{"start":{"line":160,"column":8},"end":{"line":160,"column":170}},"41":{"start":{"line":161,"column":8},"end":{"line":161,"column":62}},"42":{"start":{"line":162,"column":8},"end":{"line":162,"column":16}},"43":{"start":{"line":163,"column":8},"end":{"line":163,"column":41}},"44":{"start":{"line":167,"column":8},"end":{"line":167,"column":61}},"45":{"start":{"line":168,"column":8},"end":{"line":168,"column":144}},"46":{"start":{"line":169,"column":8},"end":{"line":169,"column":86}},"47":{"start":{"line":170,"column":8},"end":{"line":170,"column":37}},"48":{"start":{"line":171,"column":8},"end":{"line":171,"column":114}},"49":{"start":{"line":172,"column":8},"end":{"line":172,"column":52}},"50":{"start":{"line":173,"column":8},"end":{"line":173,"column":48}},"51":{"start":{"line":177,"column":8},"end":{"line":177,"column":61}},"52":{"start":{"line":178,"column":8},"end":{"line":178,"column":76}},"53":{"start":{"line":179,"column":8},"end":{"line":179,"column":146}},"54":{"start":{"line":180,"column":8},"end":{"line":180,"column":65}},"55":{"start":{"line":185,"column":8},"end":{"line":185,"column":61}},"56":{"start":{"line":186,"column":8},"end":{"line":186,"column":59}}},"branchMap":{"1":{"line":73,"type":"if","locations":[{"start":{"line":73,"column":8},"end":{"line":73,"column":8}},{"start":{"line":73,"column":8},"end":{"line":73,"column":8}}]},"2":{"line":80,"type":"if","locations":[{"start":{"line":80,"column":8},"end":{"line":80,"column":8}},{"start":{"line":80,"column":8},"end":{"line":80,"column":8}}]},"3":{"line":81,"type":"if","locations":[{"start":{"line":81,"column":8},"end":{"line":81,"column":8}},{"start":{"line":81,"column":8},"end":{"line":81,"column":8}}]},"4":{"line":82,"type":"if","locations":[{"start":{"line":82,"column":8},"end":{"line":82,"column":8}},{"start":{"line":82,"column":8},"end":{"line":82,"column":8}}]},"5":{"line":89,"type":"if","locations":[{"start":{"line":89,"column":8},"end":{"line":89,"column":8}},{"start":{"line":89,"column":8},"end":{"line":89,"column":8}}]},"6":{"line":90,"type":"if","locations":[{"start":{"line":90,"column":8},"end":{"line":90,"column":8}},{"start":{"line":90,"column":8},"end":{"line":90,"column":8}}]},"7":{"line":99,"type":"if","locations":[{"start":{"line":99,"column":8},"end":{"line":99,"column":8}},{"start":{"line":99,"column":8},"end":{"line":99,"column":8}}]},"8":{"line":100,"type":"if","locations":[{"start":{"line":100,"column":8},"end":{"line":100,"column":8}},{"start":{"line":100,"column":8},"end":{"line":100,"column":8}}]},"9":{"line":101,"type":"if","locations":[{"start":{"line":101,"column":8},"end":{"line":101,"column":8}},{"start":{"line":101,"column":8},"end":{"line":101,"column":8}}]},"10":{"line":106,"type":"if","locations":[{"start":{"line":106,"column":8},"end":{"line":106,"column":8}},{"start":{"line":106,"column":8},"end":{"line":106,"column":8}}]},"11":{"line":142,"type":"if","locations":[{"start":{"line":142,"column":8},"end":{"line":142,"column":8}},{"start":{"line":142,"column":8},"end":{"line":142,"column":8}}]},"12":{"line":158,"type":"if","locations":[{"start":{"line":158,"column":8},"end":{"line":158,"column":8}},{"start":{"line":158,"column":8},"end":{"line":158,"column":8}}]},"13":{"line":159,"type":"if","locations":[{"start":{"line":159,"column":8},"end":{"line":159,"column":8}},{"start":{"line":159,"column":8},"end":{"line":159,"column":8}}]},"14":{"line":160,"type":"if","locations":[{"start":{"line":160,"column":8},"end":{"line":160,"column":8}},{"start":{"line":160,"column":8},"end":{"line":160,"column":8}}]},"15":{"line":167,"type":"if","locations":[{"start":{"line":167,"column":8},"end":{"line":167,"column":8}},{"start":{"line":167,"column":8},"end":{"line":167,"column":8}}]},"16":{"line":168,"type":"if","locations":[{"start":{"line":168,"column":8},"end":{"line":168,"column":8}},{"start":{"line":168,"column":8},"end":{"line":168,"column":8}}]},"17":{"line":177,"type":"if","locations":[{"start":{"line":177,"column":8},"end":{"line":177,"column":8}},{"start":{"line":177,"column":8},"end":{"line":177,"column":8}}]},"18":{"line":178,"type":"if","locations":[{"start":{"line":178,"column":8},"end":{"line":178,"column":8}},{"start":{"line":178,"column":8},"end":{"line":178,"column":8}}]},"19":{"line":179,"type":"if","locations":[{"start":{"line":179,"column":8},"end":{"line":179,"column":8}},{"start":{"line":179,"column":8},"end":{"line":179,"column":8}}]},"20":{"line":185,"type":"if","locations":[{"start":{"line":185,"column":8},"end":{"line":185,"column":8}},{"start":{"line":185,"column":8},"end":{"line":185,"column":8}}]}}}}