{"contracts/MockBridge.sol":{"l":{"24":18,"41":0,"44":0,"48":0,"49":0,"50":0,"51":0,"55":0,"56":0,"57":0,"58":0,"59":0,"60":0,"67":0,"68":0,"69":0,"70":0,"71":0,"72":0,"73":0,"77":0,"78":0,"82":0,"83":0,"84":0,"88":2,"89":1,"119":0,"120":0,"124":0,"125":0,"126":0,"127":0,"131":18,"135":0,"136":0,"137":0,"138":0,"139":0,"140":0,"144":0,"145":0,"146":0,"147":0,"148":0,"149":0,"150":0,"154":0,"155":0,"159":0,"160":0,"161":0,"165":2,"166":1},"path":"/home/marcuswentz/github/Contracts/test/unit/contracts/MockBridge.sol","s":{"1":18,"2":0,"3":0,"4":0,"5":0,"6":0,"7":0,"8":0,"9":0,"10":0,"11":0,"12":0,"13":0,"14":0,"15":0,"16":0,"17":0,"18":0,"19":0,"20":0,"21":0,"22":0,"23":0,"24":0,"25":2,"26":1,"27":0,"28":0,"29":0,"30":0,"31":0,"32":18,"33":0,"34":0,"35":0,"36":0,"37":0,"38":0,"39":0,"40":0,"41":0,"42":0,"43":0,"44":0,"45":0,"46":0,"47":0,"48":0,"49":0,"50":0,"51":2,"52":1},"b":{"1":[0,0],"2":[0,0],"3":[0,0],"4":[0,0],"5":[0,0],"6":[0,0],"7":[0,0],"8":[0,0],"9":[0,0],"10":[0,0],"11":[0,0],"12":[1,1],"13":[0,0],"14":[0,0],"15":[0,0],"16":[0,0],"17":[0,0],"18":[0,0],"19":[0,0],"20":[0,0],"21":[0,0],"22":[0,0],"23":[0,0],"24":[1,1]},"f":{"1":18,"2":0,"3":0,"4":0,"5":0,"6":0,"7":0,"8":2,"9":0,"10":0,"11":18,"12":0,"13":0,"14":0,"15":0,"16":2},"fnMap":{"1":{"name":"constructor","line":23,"loc":{"start":{"line":23,"column":4},"end":{"line":25,"column":4}}},"2":{"name":"enqueue","line":40,"loc":{"start":{"line":40,"column":4},"end":{"line":45,"column":4}}},"3":{"name":"dequeue","line":47,"loc":{"start":{"line":47,"column":4},"end":{"line":52,"column":4}}},"4":{"name":"lockTokensForOptimism","line":54,"loc":{"start":{"line":54,"column":4},"end":{"line":61,"column":4}}},"5":{"name":"ownerUnlockOptimismETH","line":63,"loc":{"start":{"line":63,"column":4},"end":{"line":74,"column":4}}},"6":{"name":"ownerAddBridgeLiqudity","line":76,"loc":{"start":{"line":76,"column":4},"end":{"line":79,"column":4}}},"7":{"name":"ownerRemoveBridgeLiqudity","line":81,"loc":{"start":{"line":81,"column":4},"end":{"line":85,"column":4}}},"8":{"name":"mockOwnerOptimismBridgeAddress","line":87,"loc":{"start":{"line":87,"column":4},"end":{"line":90,"column":4}}},"9":{"name":"enqueue","line":118,"loc":{"start":{"line":118,"column":4},"end":{"line":121,"column":4}}},"10":{"name":"dequeue","line":123,"loc":{"start":{"line":123,"column":4},"end":{"line":128,"column":4}}},"11":{"name":"constructor","line":130,"loc":{"start":{"line":130,"column":4},"end":{"line":132,"column":4}}},"12":{"name":"lockTokensForGoerli","line":134,"loc":{"start":{"line":134,"column":4},"end":{"line":141,"column":4}}},"13":{"name":"ownerUnlockOptimismETH","line":143,"loc":{"start":{"line":143,"column":4},"end":{"line":151,"column":4}}},"14":{"name":"ownerAddBridgeLiqudity","line":153,"loc":{"start":{"line":153,"column":4},"end":{"line":156,"column":4}}},"15":{"name":"ownerRemoveBridgeLiqudity","line":158,"loc":{"start":{"line":158,"column":4},"end":{"line":162,"column":4}}},"16":{"name":"mockOwnerGoerliBridgeAddress","line":164,"loc":{"start":{"line":164,"column":4},"end":{"line":167,"column":4}}}},"statementMap":{"1":{"start":{"line":24,"column":8},"end":{"line":24,"column":25}},"2":{"start":{"line":41,"column":8},"end":{"line":41,"column":16}},"3":{"start":{"line":44,"column":8},"end":{"line":44,"column":31}},"4":{"start":{"line":48,"column":8},"end":{"line":48,"column":138}},"5":{"start":{"line":49,"column":8},"end":{"line":49,"column":51}},"6":{"start":{"line":51,"column":8},"end":{"line":51,"column":17}},"7":{"start":{"line":55,"column":8},"end":{"line":55,"column":66}},"8":{"start":{"line":56,"column":8},"end":{"line":56,"column":88}},"9":{"start":{"line":57,"column":8},"end":{"line":57,"column":111}},"10":{"start":{"line":58,"column":8},"end":{"line":58,"column":64}},"11":{"start":{"line":59,"column":8},"end":{"line":59,"column":16}},"12":{"start":{"line":60,"column":8},"end":{"line":60,"column":41}},"13":{"start":{"line":67,"column":8},"end":{"line":67,"column":61}},"14":{"start":{"line":68,"column":8},"end":{"line":68,"column":101}},"15":{"start":{"line":69,"column":8},"end":{"line":69,"column":90}},"16":{"start":{"line":70,"column":8},"end":{"line":70,"column":39}},"17":{"start":{"line":71,"column":8},"end":{"line":71,"column":110}},"18":{"start":{"line":72,"column":8},"end":{"line":72,"column":48}},"19":{"start":{"line":73,"column":8},"end":{"line":73,"column":46}},"20":{"start":{"line":77,"column":8},"end":{"line":77,"column":61}},"21":{"start":{"line":78,"column":8},"end":{"line":78,"column":53}},"22":{"start":{"line":82,"column":8},"end":{"line":82,"column":64}},"23":{"start":{"line":83,"column":8},"end":{"line":83,"column":103}},"24":{"start":{"line":84,"column":8},"end":{"line":84,"column":53}},"25":{"start":{"line":88,"column":8},"end":{"line":88,"column":61}},"26":{"start":{"line":89,"column":8},"end":{"line":89,"column":58}},"27":{"start":{"line":119,"column":8},"end":{"line":119,"column":16}},"28":{"start":{"line":120,"column":8},"end":{"line":120,"column":31}},"29":{"start":{"line":124,"column":8},"end":{"line":124,"column":134}},"30":{"start":{"line":125,"column":8},"end":{"line":125,"column":51}},"31":{"start":{"line":127,"column":8},"end":{"line":127,"column":17}},"32":{"start":{"line":131,"column":8},"end":{"line":131,"column":25}},"33":{"start":{"line":135,"column":8},"end":{"line":135,"column":66}},"34":{"start":{"line":136,"column":8},"end":{"line":136,"column":88}},"35":{"start":{"line":137,"column":8},"end":{"line":137,"column":109}},"36":{"start":{"line":138,"column":8},"end":{"line":138,"column":62}},"37":{"start":{"line":139,"column":8},"end":{"line":139,"column":16}},"38":{"start":{"line":140,"column":8},"end":{"line":140,"column":41}},"39":{"start":{"line":144,"column":8},"end":{"line":144,"column":61}},"40":{"start":{"line":145,"column":8},"end":{"line":145,"column":97}},"41":{"start":{"line":146,"column":8},"end":{"line":146,"column":86}},"42":{"start":{"line":147,"column":8},"end":{"line":147,"column":37}},"43":{"start":{"line":148,"column":8},"end":{"line":148,"column":112}},"44":{"start":{"line":149,"column":8},"end":{"line":149,"column":50}},"45":{"start":{"line":150,"column":8},"end":{"line":150,"column":46}},"46":{"start":{"line":154,"column":8},"end":{"line":154,"column":61}},"47":{"start":{"line":155,"column":8},"end":{"line":155,"column":53}},"48":{"start":{"line":159,"column":8},"end":{"line":159,"column":64}},"49":{"start":{"line":160,"column":8},"end":{"line":160,"column":99}},"50":{"start":{"line":161,"column":8},"end":{"line":161,"column":53}},"51":{"start":{"line":165,"column":8},"end":{"line":165,"column":61}},"52":{"start":{"line":166,"column":8},"end":{"line":166,"column":54}}},"branchMap":{"1":{"line":48,"type":"if","locations":[{"start":{"line":48,"column":8},"end":{"line":48,"column":8}},{"start":{"line":48,"column":8},"end":{"line":48,"column":8}}]},"2":{"line":49,"type":"if","locations":[{"start":{"line":49,"column":8},"end":{"line":49,"column":8}},{"start":{"line":49,"column":8},"end":{"line":49,"column":8}}]},"3":{"line":55,"type":"if","locations":[{"start":{"line":55,"column":8},"end":{"line":55,"column":8}},{"start":{"line":55,"column":8},"end":{"line":55,"column":8}}]},"4":{"line":56,"type":"if","locations":[{"start":{"line":56,"column":8},"end":{"line":56,"column":8}},{"start":{"line":56,"column":8},"end":{"line":56,"column":8}}]},"5":{"line":57,"type":"if","locations":[{"start":{"line":57,"column":8},"end":{"line":57,"column":8}},{"start":{"line":57,"column":8},"end":{"line":57,"column":8}}]},"6":{"line":67,"type":"if","locations":[{"start":{"line":67,"column":8},"end":{"line":67,"column":8}},{"start":{"line":67,"column":8},"end":{"line":67,"column":8}}]},"7":{"line":68,"type":"if","locations":[{"start":{"line":68,"column":8},"end":{"line":68,"column":8}},{"start":{"line":68,"column":8},"end":{"line":68,"column":8}}]},"8":{"line":77,"type":"if","locations":[{"start":{"line":77,"column":8},"end":{"line":77,"column":8}},{"start":{"line":77,"column":8},"end":{"line":77,"column":8}}]},"9":{"line":78,"type":"if","locations":[{"start":{"line":78,"column":8},"end":{"line":78,"column":8}},{"start":{"line":78,"column":8},"end":{"line":78,"column":8}}]},"10":{"line":82,"type":"if","locations":[{"start":{"line":82,"column":8},"end":{"line":82,"column":8}},{"start":{"line":82,"column":8},"end":{"line":82,"column":8}}]},"11":{"line":83,"type":"if","locations":[{"start":{"line":83,"column":8},"end":{"line":83,"column":8}},{"start":{"line":83,"column":8},"end":{"line":83,"column":8}}]},"12":{"line":88,"type":"if","locations":[{"start":{"line":88,"column":8},"end":{"line":88,"column":8}},{"start":{"line":88,"column":8},"end":{"line":88,"column":8}}]},"13":{"line":124,"type":"if","locations":[{"start":{"line":124,"column":8},"end":{"line":124,"column":8}},{"start":{"line":124,"column":8},"end":{"line":124,"column":8}}]},"14":{"line":125,"type":"if","locations":[{"start":{"line":125,"column":8},"end":{"line":125,"column":8}},{"start":{"line":125,"column":8},"end":{"line":125,"column":8}}]},"15":{"line":135,"type":"if","locations":[{"start":{"line":135,"column":8},"end":{"line":135,"column":8}},{"start":{"line":135,"column":8},"end":{"line":135,"column":8}}]},"16":{"line":136,"type":"if","locations":[{"start":{"line":136,"column":8},"end":{"line":136,"column":8}},{"start":{"line":136,"column":8},"end":{"line":136,"column":8}}]},"17":{"line":137,"type":"if","locations":[{"start":{"line":137,"column":8},"end":{"line":137,"column":8}},{"start":{"line":137,"column":8},"end":{"line":137,"column":8}}]},"18":{"line":144,"type":"if","locations":[{"start":{"line":144,"column":8},"end":{"line":144,"column":8}},{"start":{"line":144,"column":8},"end":{"line":144,"column":8}}]},"19":{"line":145,"type":"if","locations":[{"start":{"line":145,"column":8},"end":{"line":145,"column":8}},{"start":{"line":145,"column":8},"end":{"line":145,"column":8}}]},"20":{"line":154,"type":"if","locations":[{"start":{"line":154,"column":8},"end":{"line":154,"column":8}},{"start":{"line":154,"column":8},"end":{"line":154,"column":8}}]},"21":{"line":155,"type":"if","locations":[{"start":{"line":155,"column":8},"end":{"line":155,"column":8}},{"start":{"line":155,"column":8},"end":{"line":155,"column":8}}]},"22":{"line":159,"type":"if","locations":[{"start":{"line":159,"column":8},"end":{"line":159,"column":8}},{"start":{"line":159,"column":8},"end":{"line":159,"column":8}}]},"23":{"line":160,"type":"if","locations":[{"start":{"line":160,"column":8},"end":{"line":160,"column":8}},{"start":{"line":160,"column":8},"end":{"line":160,"column":8}}]},"24":{"line":165,"type":"if","locations":[{"start":{"line":165,"column":8},"end":{"line":165,"column":8}},{"start":{"line":165,"column":8},"end":{"line":165,"column":8}}]}}}}